0 info it worked if it ends with ok
1 verbose cli [ '/usr/bin/node',
1 verbose cli   '/usr/bin/npm',
1 verbose cli   'install',
1 verbose cli   'cordova-android@^7.1.4',
1 verbose cli   '--production',
1 verbose cli   '--save' ]
2 info using npm@3.5.2
3 info using node@v8.10.0
4 silly loadCurrentTree Starting
5 silly install loadCurrentTree
6 silly install readLocalPackageData
7 silly fetchPackageMetaData cordova-android@^7.1.4
8 silly fetchNamedPackageData cordova-android
9 silly mapToRegistry name cordova-android
10 silly mapToRegistry using default registry
11 silly mapToRegistry registry https://registry.npmjs.org/
12 silly mapToRegistry uri https://registry.npmjs.org/cordova-android
13 verbose request uri https://registry.npmjs.org/cordova-android
14 verbose request no auth needed
15 info attempt registry request try #1 at 7:28:54 PM
16 verbose request id 572d82871d6d37a0
17 verbose etag W/"ce4b178f1d7107811f3c9bedef56a1fe"
18 verbose lastModified Mon, 23 Sep 2019 02:51:16 GMT
19 http request GET https://registry.npmjs.org/cordova-android
20 http 200 https://registry.npmjs.org/cordova-android
21 verbose headers { date: 'Thu, 26 Sep 2019 13:58:55 GMT',
21 verbose headers   'content-type': 'application/json',
21 verbose headers   'transfer-encoding': 'chunked',
21 verbose headers   connection: 'keep-alive',
21 verbose headers   'set-cookie':
21 verbose headers    [ '__cfduid=d9800f20503fc6bf89ffda7c81427f7ba1569506335; expires=Fri, 25-Sep-20 13:58:55 GMT; path=/; domain=.npmjs.org; HttpOnly' ],
21 verbose headers   'cf-cache-status': 'HIT',
21 verbose headers   'cache-control': 'max-age=300',
21 verbose headers   'cf-ray': '51c5c1646b1ed58f-BOM',
21 verbose headers   age: '1046',
21 verbose headers   etag: 'W/"bbbf2e9edc81f4d8da3fee7750491ecd"',
21 verbose headers   'expect-ct': 'max-age=604800, report-uri="https://report-uri.cloudflare.com/cdn-cgi/beacon/expect-ct"',
21 verbose headers   'last-modified': 'Thu, 26 Sep 2019 02:52:16 GMT',
21 verbose headers   vary: 'accept-encoding, accept',
21 verbose headers   'x-amz-meta-rev': '887-d653442d5ae0d53b7d389ee1af3c987b',
21 verbose headers   server: 'cloudflare',
21 verbose headers   'content-encoding': 'gzip' }
22 silly get cb [ 200,
22 silly get   { date: 'Thu, 26 Sep 2019 13:58:55 GMT',
22 silly get     'content-type': 'application/json',
22 silly get     'transfer-encoding': 'chunked',
22 silly get     connection: 'keep-alive',
22 silly get     'set-cookie':
22 silly get      [ '__cfduid=d9800f20503fc6bf89ffda7c81427f7ba1569506335; expires=Fri, 25-Sep-20 13:58:55 GMT; path=/; domain=.npmjs.org; HttpOnly' ],
22 silly get     'cf-cache-status': 'HIT',
22 silly get     'cache-control': 'max-age=300',
22 silly get     'cf-ray': '51c5c1646b1ed58f-BOM',
22 silly get     age: '1046',
22 silly get     etag: 'W/"bbbf2e9edc81f4d8da3fee7750491ecd"',
22 silly get     'expect-ct': 'max-age=604800, report-uri="https://report-uri.cloudflare.com/cdn-cgi/beacon/expect-ct"',
22 silly get     'last-modified': 'Thu, 26 Sep 2019 02:52:16 GMT',
22 silly get     vary: 'accept-encoding, accept',
22 silly get     'x-amz-meta-rev': '887-d653442d5ae0d53b7d389ee1af3c987b',
22 silly get     server: 'cloudflare',
22 silly get     'content-encoding': 'gzip' } ]
23 verbose get saving cordova-android to /home/sadrul/.npm/registry.npmjs.org/cordova-android/.cache.json
24 silly install normalizeTree
25 silly loadCurrentTree Finishing
26 silly loadIdealTree Starting
27 silly install loadIdealTree
28 silly cloneCurrentTree Starting
29 silly install cloneCurrentTreeToIdealTree
30 silly cloneCurrentTree Finishing
31 silly loadShrinkwrap Starting
32 silly install loadShrinkwrap
33 silly loadShrinkwrap Finishing
34 silly loadAllDepsIntoIdealTree Starting
35 silly install loadAllDepsIntoIdealTree
36 silly resolveWithNewModule cordova-android@7.1.4 checking installable status
37 silly cache add args [ 'cordova-android@^7.1.4', null ]
38 verbose cache add spec cordova-android@^7.1.4
39 silly cache add parsed spec Result {
39 silly cache add   raw: 'cordova-android@^7.1.4',
39 silly cache add   scope: null,
39 silly cache add   name: 'cordova-android',
39 silly cache add   rawSpec: '^7.1.4',
39 silly cache add   spec: '>=7.1.4 <8.0.0',
39 silly cache add   type: 'range' }
40 silly addNamed cordova-android@>=7.1.4 <8.0.0
41 verbose addNamed ">=7.1.4 <8.0.0" is a valid semver range for cordova-android
42 silly addNameRange { name: 'cordova-android',
42 silly addNameRange   range: '>=7.1.4 <8.0.0',
42 silly addNameRange   hasData: false }
43 silly mapToRegistry name cordova-android
44 silly mapToRegistry using default registry
45 silly mapToRegistry registry https://registry.npmjs.org/
46 silly mapToRegistry uri https://registry.npmjs.org/cordova-android
47 verbose addNameRange registry:https://registry.npmjs.org/cordova-android not in flight; fetching
48 verbose get https://registry.npmjs.org/cordova-android not expired, no request
49 silly addNameRange number 2 { name: 'cordova-android',
49 silly addNameRange   range: '>=7.1.4 <8.0.0',
49 silly addNameRange   hasData: true }
50 silly addNameRange versions [ 'cordova-android',
50 silly addNameRange   [ '3.5.0',
50 silly addNameRange     '3.5.1',
50 silly addNameRange     '3.6.0',
50 silly addNameRange     '3.6.1',
50 silly addNameRange     '3.6.3',
50 silly addNameRange     '3.6.4',
50 silly addNameRange     '3.7.0',
50 silly addNameRange     '3.7.1',
50 silly addNameRange     '4.0.0',
50 silly addNameRange     '4.0.1',
50 silly addNameRange     '3.7.2',
50 silly addNameRange     '4.0.2',
50 silly addNameRange     '4.1.0',
50 silly addNameRange     '4.1.1',
50 silly addNameRange     '5.0.0',
50 silly addNameRange     '5.1.0',
50 silly addNameRange     '5.1.1',
50 silly addNameRange     '5.2.0-nightly.2016.5.24.9738079c',
50 silly addNameRange     '5.2.0-nightly.2016.5.25.9738079c',
50 silly addNameRange     '5.2.0-nightly.2016.5.26.d125ece9',
50 silly addNameRange     '5.2.0-nightly.2016.5.27.d125ece9',
50 silly addNameRange     '5.2.0-nightly.2016.5.28.d125ece9',
50 silly addNameRange     '5.2.0-nightly.2016.5.30.d125ece9',
50 silly addNameRange     '5.2.0-nightly.2016.5.31.d125ece9',
50 silly addNameRange     '5.2.0-nightly.2016.6.1.3a1b4ffc',
50 silly addNameRange     '5.2.0-nightly.2016.6.2.3a1b4ffc',
50 silly addNameRange     '5.2.0-nightly.2016.6.3.81d62196',
50 silly addNameRange     '5.2.0-nightly.2016.6.4.81d62196',
50 silly addNameRange     '5.2.0-nightly.2016.6.5.81d62196',
50 silly addNameRange     '5.2.0-nightly.2016.6.6.81d62196',
50 silly addNameRange     '5.2.0-nightly.2016.6.7.81d62196',
50 silly addNameRange     '5.2.0-nightly.2016.6.8.81d62196',
50 silly addNameRange     '5.2.0-nightly.2016.6.9.81d62196',
50 silly addNameRange     '5.2.0-nightly.2016.6.10.04a3c9d9',
50 silly addNameRange     '5.2.0-nightly.2016.6.12.04a3c9d9',
50 silly addNameRange     '5.2.0-nightly.2016.6.13.04a3c9d9',
50 silly addNameRange     '5.2.0-nightly.2016.6.14.04a3c9d9',
50 silly addNameRange     '5.2.0-nightly.2016.6.16.04a3c9d9',
50 silly addNameRange     '5.2.0-nightly.2016.6.17.04a3c9d9',
50 silly addNameRange     '5.2.0-nightly.2016.6.18.04a3c9d9',
50 silly addNameRange     '5.2.0-nightly.2016.6.20.04a3c9d9',
50 silly addNameRange     '5.2.0-nightly.2016.6.21.04a3c9d9',
50 silly addNameRange     '5.2.0-nightly.2016.6.22.04a3c9d9',
50 silly addNameRange     '5.2.0-nightly.2016.6.23.04a3c9d9',
50 silly addNameRange     '5.2.0-nightly.2016.6.24.04a3c9d9',
50 silly addNameRange     '5.2.0-nightly.2016.6.26.04a3c9d9',
50 silly addNameRange     '5.2.0-nightly.2016.6.27.04a3c9d9',
50 silly addNameRange     '5.2.0-nightly.2016.6.28.1fcee242',
50 silly addNameRange     '5.2.0-nightly.2016.6.29.22918152',
50 silly addNameRange     '5.3.0-nightly.2016.6.30.103e1e8d',
50 silly addNameRange     '5.3.0-nightly.2016.7.1.103e1e8d',
50 silly addNameRange     '5.2.0',
50 silly addNameRange     '5.3.0-nightly.2016.7.2.103e1e8d',
50 silly addNameRange     '5.3.0-nightly.2016.7.3.103e1e8d',
50 silly addNameRange     '5.3.0-nightly.2016.7.4.103e1e8d',
50 silly addNameRange     '5.3.0-nightly.2016.7.5.103e1e8d',
50 silly addNameRange     '5.3.0-nightly.2016.7.6.103e1e8d',
50 silly addNameRange     '5.3.0-nightly.2016.7.7.f1c185b7',
50 silly addNameRange     '5.3.0-nightly.2016.7.8.f1c185b7',
50 silly addNameRange     '5.3.0-nightly.2016.7.10.f1c185b7',
50 silly addNameRange     '5.3.0-nightly.2016.7.12.39165a86',
50 silly addNameRange     '5.2.1',
50 silly addNameRange     '5.3.0-nightly.2016.7.14.39165a86',
50 silly addNameRange     '5.3.0-nightly.2016.7.15.39165a86',
50 silly addNameRange     '5.3.0-nightly.2016.7.16.39165a86',
50 silly addNameRange     '5.3.0-nightly.2016.7.17.39165a86',
50 silly addNameRange     '5.3.0-nightly.2016.7.18.39165a86',
50 silly addNameRange     '5.3.0-nightly.2016.7.20.39165a86',
50 silly addNameRange     '5.3.0-nightly.2016.7.23.8163713',
50 silly addNameRange     '5.3.0-nightly.2016.7.24.8163713',
50 silly addNameRange     '5.3.0-nightly.2016.7.25.8163713',
50 silly addNameRange     '5.3.0-nightly.2016.7.26.8163713',
50 silly addNameRange     '5.3.0-nightly.2016.7.27.74ae6651',
50 silly addNameRange     '5.3.0-nightly.2016.7.28.74ae6651',
50 silly addNameRange     '5.3.0-nightly.2016.7.29.74ae6651',
50 silly addNameRange     '5.3.0-nightly.2016.8.2.74ae6651',
50 silly addNameRange     '5.3.0-nightly.2016.8.4.d54a42f0',
50 silly addNameRange     '5.3.0-nightly.2016.8.5.d54a42f0',
50 silly addNameRange     '5.3.0-nightly.2016.8.6.d54a42f0',
50 silly addNameRange     '5.3.0-nightly.2016.8.7.d54a42f0',
50 silly addNameRange     '5.3.0-nightly.2016.8.8.d54a42f0',
50 silly addNameRange     '5.3.0-nightly.2016.8.9.d54a42f0',
50 silly addNameRange     '5.3.0-nightly.2016.8.10.d54a42f0',
50 silly addNameRange     '5.3.0-nightly.2016.8.11.d54a42f0',
50 silly addNameRange     '5.3.0-nightly.2016.8.12.ed543dc6',
50 silly addNameRange     '5.3.0-nightly.2016.8.13.ed543dc6',
50 silly addNameRange     '5.3.0-nightly.2016.8.15.ed543dc6',
50 silly addNameRange     '5.3.0-nightly.2016.8.16.ed543dc6',
50 silly addNameRange     '5.3.0-nightly.2016.8.17.2efe2406',
50 silly addNameRange     '5.3.0-nightly.2016.8.18.2efe2406',
50 silly addNameRange     '5.3.0-nightly.2016.8.20.8fbb6d7c',
50 silly addNameRange     '5.3.0-nightly.2016.8.21.8fbb6d7c',
50 silly addNameRange     '5.3.0-nightly.2016.8.22.8fbb6d7c',
50 silly addNameRange     '5.2.2',
50 silly addNameRange     '5.3.0-nightly.2016.8.23.4a0a7bc4',
50 silly addNameRange     '5.3.0-nightly.2016.8.24.4a0a7bc4',
50 silly addNameRange     '5.3.0-nightly.2016.8.25.4a0a7bc4',
50 silly addNameRange     '5.3.0-nightly.2016.8.26.4a0a7bc4',
50 silly addNameRange     '5.3.0-nightly.2016.8.27.4a0a7bc4',
50 silly addNameRange     '5.3.0-nightly.2016.8.28.4a0a7bc4',
50 silly addNameRange     ... 743 more items ] ]
51 silly addNamed cordova-android@7.1.4
52 verbose addNamed "7.1.4" is a plain semver version for cordova-android
53 silly cache afterAdd cordova-android@7.1.4
54 verbose afterAdd /home/sadrul/.npm/cordova-android/7.1.4/package/package.json not in flight; writing
55 verbose afterAdd /home/sadrul/.npm/cordova-android/7.1.4/package/package.json written
56 verbose addBundled extract /home/sadrul/.npm/cordova-android/7.1.4/package.tgz
57 verbose tar unpack /home/sadrul/.npm/cordova-android/7.1.4/package.tgz
58 verbose tar unpacking to /tmp/npm-3035-5134e2c9/unpack-0f96b4ed
59 silly gentlyRm /tmp/npm-3035-5134e2c9/unpack-0f96b4ed is being purged
60 verbose gentlyRm don't care about contents; nuking /tmp/npm-3035-5134e2c9/unpack-0f96b4ed
61 silly gunzTarPerm modes [ '755', '644' ]
62 silly gunzTarPerm extractEntry package.json
63 silly gunzTarPerm extractEntry .eslintignore
64 silly gunzTarPerm extractEntry .eslintrc.yml
65 silly gunzTarPerm extractEntry .gitattributes
66 silly gunzTarPerm extractEntry .ratignore
67 silly gunzTarPerm extractEntry .reviewboardrc
68 silly gunzTarPerm extractEntry .travis.yml
69 silly gunzTarPerm extractEntry appveyor.yml
70 silly gunzTarPerm extractEntry CONTRIBUTING.md
71 silly gunzTarPerm extractEntry LICENSE
72 silly gunzTarPerm extractEntry NOTICE
73 silly gunzTarPerm extractEntry README.md
74 silly gunzTarPerm extractEntry RELEASENOTES.md
75 silly gunzTarPerm extractEntry VERSION
76 silly gunzTarPerm extractEntry .github/PULL_REQUEST_TEMPLATE.md
77 silly gunzTarPerm extractEntry bin/android_sdk_version
78 silly gunzTarPerm extractEntry bin/android_sdk_version.bat
79 silly gunzTarPerm extractEntry bin/check_reqs
80 silly gunzTarPerm extractEntry bin/check_reqs.bat
81 silly gunzTarPerm extractEntry bin/create
82 silly gunzTarPerm extractEntry bin/create.bat
83 silly gunzTarPerm extractEntry bin/lib/create.js
84 silly gunzTarPerm extractEntry bin/templates/cordova/Api.js
85 silly gunzTarPerm extractEntry bin/templates/cordova/build
86 silly gunzTarPerm extractEntry bin/templates/cordova/build.bat
87 silly gunzTarPerm extractEntry bin/templates/cordova/clean
88 silly gunzTarPerm extractEntry bin/templates/cordova/clean.bat
89 silly gunzTarPerm extractEntry bin/templates/cordova/defaults.xml
90 silly gunzTarPerm extractEntry bin/templates/cordova/lib/Adb.js
91 silly gunzTarPerm extractEntry bin/templates/cordova/lib/android_sdk.js
92 silly gunzTarPerm extractEntry bin/templates/cordova/lib/AndroidManifest.js
93 silly gunzTarPerm extractEntry bin/templates/cordova/lib/AndroidProject.js
94 silly gunzTarPerm extractEntry bin/templates/cordova/lib/AndroidStudio.js
95 silly gunzTarPerm extractEntry bin/templates/cordova/lib/build.js
96 silly gunzTarPerm extractEntry bin/templates/cordova/lib/builders/builders.js
97 silly gunzTarPerm extractEntry bin/templates/cordova/lib/builders/GenericBuilder.js
98 silly gunzTarPerm extractEntry bin/templates/cordova/lib/builders/GradleBuilder.js
99 silly gunzTarPerm extractEntry bin/templates/cordova/lib/builders/StudioBuilder.js
100 silly gunzTarPerm extractEntry bin/templates/cordova/lib/check_reqs.js
101 silly gunzTarPerm extractEntry bin/templates/cordova/lib/device.js
102 silly gunzTarPerm extractEntry bin/templates/cordova/lib/emulator.js
103 silly gunzTarPerm extractEntry bin/templates/cordova/lib/getASPath.bat
104 silly gunzTarPerm extractEntry bin/templates/cordova/lib/install-device
105 silly gunzTarPerm extractEntry bin/templates/cordova/lib/install-device.bat
106 silly gunzTarPerm extractEntry bin/templates/cordova/lib/install-emulator
107 silly gunzTarPerm extractEntry bin/templates/cordova/lib/install-emulator.bat
108 silly gunzTarPerm extractEntry bin/templates/cordova/lib/list-devices
109 silly gunzTarPerm extractEntry bin/templates/cordova/lib/list-devices.bat
110 silly gunzTarPerm extractEntry bin/templates/cordova/lib/list-emulator-images
111 silly gunzTarPerm extractEntry bin/templates/cordova/lib/list-emulator-images.bat
112 silly gunzTarPerm extractEntry bin/templates/cordova/lib/list-started-emulators
113 silly gunzTarPerm extractEntry bin/templates/cordova/lib/list-started-emulators.bat
114 silly gunzTarPerm extractEntry bin/templates/cordova/lib/log.js
115 silly gunzTarPerm extractEntry bin/templates/cordova/lib/plugin-build.gradle
116 silly gunzTarPerm extractEntry bin/templates/cordova/lib/pluginHandlers.js
117 silly gunzTarPerm extractEntry bin/templates/cordova/lib/prepare.js
118 silly gunzTarPerm extractEntry bin/templates/cordova/lib/retry.js
119 silly gunzTarPerm extractEntry bin/templates/cordova/lib/run.js
120 silly gunzTarPerm extractEntry bin/templates/cordova/lib/start-emulator
121 silly gunzTarPerm extractEntry bin/templates/cordova/lib/start-emulator.bat
122 silly gunzTarPerm extractEntry bin/templates/cordova/log
123 silly gunzTarPerm extractEntry bin/templates/cordova/log.bat
124 silly gunzTarPerm extractEntry bin/templates/cordova/loggingHelper.js
125 silly gunzTarPerm extractEntry bin/templates/cordova/run
126 silly gunzTarPerm extractEntry bin/templates/cordova/run.bat
127 silly gunzTarPerm extractEntry bin/templates/cordova/version
128 silly gunzTarPerm extractEntry bin/templates/cordova/version.bat
129 silly gunzTarPerm extractEntry bin/templates/project/Activity.java
130 silly gunzTarPerm extractEntry bin/templates/project/AndroidManifest.xml
131 silly gunzTarPerm extractEntry bin/templates/project/app/build.gradle
132 silly gunzTarPerm extractEntry bin/templates/project/assets/www/cordova.js
133 silly gunzTarPerm extractEntry bin/templates/project/assets/www/css/index.css
134 silly gunzTarPerm extractEntry bin/templates/project/assets/www/img/cordova.png
135 silly gunzTarPerm extractEntry bin/templates/project/assets/www/img/logo.png
136 silly gunzTarPerm extractEntry bin/templates/project/assets/www/index.html
137 silly gunzTarPerm extractEntry bin/templates/project/assets/www/js/index.js
138 silly gunzTarPerm extractEntry bin/templates/project/build.gradle
139 silly gunzTarPerm extractEntry bin/templates/project/gitignore
140 silly gunzTarPerm extractEntry bin/templates/project/legacy/build.gradle
141 silly gunzTarPerm extractEntry bin/templates/project/project.properties
142 silly gunzTarPerm extractEntry bin/templates/project/res/drawable-land-hdpi/screen.png
143 silly gunzTarPerm extractEntry bin/templates/project/res/drawable-land-ldpi/screen.png
144 silly gunzTarPerm extractEntry bin/templates/project/res/drawable-land-mdpi/screen.png
145 silly gunzTarPerm extractEntry bin/templates/project/res/drawable-land-xhdpi/screen.png
146 silly gunzTarPerm extractEntry bin/templates/project/res/drawable-land-xxhdpi/screen.png
147 silly gunzTarPerm extractEntry bin/templates/project/res/drawable-land-xxxhdpi/screen.png
148 silly gunzTarPerm extractEntry bin/templates/project/res/drawable-port-hdpi/screen.png
149 silly gunzTarPerm extractEntry bin/templates/project/res/drawable-port-ldpi/screen.png
150 silly gunzTarPerm extractEntry bin/templates/project/res/drawable-port-mdpi/screen.png
151 silly gunzTarPerm extractEntry bin/templates/project/res/drawable-port-xhdpi/screen.png
152 silly gunzTarPerm extractEntry bin/templates/project/res/drawable-port-xxhdpi/screen.png
153 silly gunzTarPerm extractEntry bin/templates/project/res/drawable-port-xxxhdpi/screen.png
154 silly gunzTarPerm extractEntry bin/templates/project/res/mipmap-hdpi/icon.png
155 silly gunzTarPerm extractEntry bin/templates/project/res/mipmap-ldpi/icon.png
156 silly gunzTarPerm extractEntry bin/templates/project/res/mipmap-mdpi/icon.png
157 silly gunzTarPerm extractEntry bin/templates/project/res/mipmap-xhdpi/icon.png
158 silly gunzTarPerm extractEntry bin/templates/project/res/mipmap-xxhdpi/icon.png
159 silly gunzTarPerm extractEntry bin/templates/project/res/mipmap-xxxhdpi/icon.png
160 silly gunzTarPerm extractEntry bin/templates/project/res/values/strings.xml
161 silly gunzTarPerm extractEntry bin/templates/project/res/xml/config.xml
162 silly gunzTarPerm extractEntry bin/templates/project/wrapper.gradle
163 silly gunzTarPerm extractEntry bin/update
164 silly gunzTarPerm extractEntry bin/update.bat
165 silly gunzTarPerm extractEntry cordova-js-src/android/nativeapiprovider.js
166 silly gunzTarPerm extractEntry cordova-js-src/android/promptbasednativeapi.js
167 silly gunzTarPerm extractEntry cordova-js-src/exec.js
168 silly gunzTarPerm extractEntry cordova-js-src/platform.js
169 silly gunzTarPerm extractEntry cordova-js-src/plugin/android/app.js
170 silly gunzTarPerm extractEntry framework/.classpath
171 silly gunzTarPerm extractEntry framework/.project
172 silly gunzTarPerm extractEntry framework/.settings/org.eclipse.jdt.core.prefs
173 silly gunzTarPerm extractEntry framework/AndroidManifest.xml
174 silly gunzTarPerm extractEntry framework/ant.properties
175 silly gunzTarPerm extractEntry framework/build.gradle
176 silly gunzTarPerm extractEntry framework/build.xml
177 silly gunzTarPerm extractEntry framework/cordova.gradle
178 silly gunzTarPerm extractEntry framework/gradle/wrapper/gradle-wrapper.properties
179 silly gunzTarPerm extractEntry framework/project.properties
180 silly gunzTarPerm extractEntry framework/src/org/apache/cordova/AuthenticationToken.java
181 silly gunzTarPerm extractEntry framework/src/org/apache/cordova/BuildHelper.java
182 silly gunzTarPerm extractEntry framework/src/org/apache/cordova/CallbackContext.java
183 silly gunzTarPerm extractEntry framework/src/org/apache/cordova/CallbackMap.java
184 silly gunzTarPerm extractEntry framework/src/org/apache/cordova/Config.java
185 silly gunzTarPerm extractEntry framework/src/org/apache/cordova/ConfigXmlParser.java
186 silly gunzTarPerm extractEntry framework/src/org/apache/cordova/CordovaActivity.java
187 silly gunzTarPerm extractEntry framework/src/org/apache/cordova/CordovaArgs.java
188 silly gunzTarPerm extractEntry framework/src/org/apache/cordova/CordovaBridge.java
189 silly gunzTarPerm extractEntry framework/src/org/apache/cordova/CordovaClientCertRequest.java
190 silly gunzTarPerm extractEntry framework/src/org/apache/cordova/CordovaDialogsHelper.java
191 silly gunzTarPerm extractEntry framework/src/org/apache/cordova/CordovaHttpAuthHandler.java
192 silly gunzTarPerm extractEntry framework/src/org/apache/cordova/CordovaInterface.java
193 silly gunzTarPerm extractEntry framework/src/org/apache/cordova/CordovaInterfaceImpl.java
194 silly gunzTarPerm extractEntry framework/src/org/apache/cordova/CordovaPlugin.java
195 silly gunzTarPerm extractEntry framework/src/org/apache/cordova/CordovaPreferences.java
196 silly gunzTarPerm extractEntry framework/src/org/apache/cordova/CordovaResourceApi.java
197 silly gunzTarPerm extractEntry framework/src/org/apache/cordova/CordovaWebView.java
198 silly gunzTarPerm extractEntry framework/src/org/apache/cordova/CordovaWebViewEngine.java
199 silly gunzTarPerm extractEntry framework/src/org/apache/cordova/CordovaWebViewImpl.java
200 silly gunzTarPerm extractEntry framework/src/org/apache/cordova/CoreAndroid.java
201 silly gunzTarPerm extractEntry framework/src/org/apache/cordova/engine/SystemCookieManager.java
202 silly gunzTarPerm extractEntry framework/src/org/apache/cordova/engine/SystemExposedJsApi.java
203 silly gunzTarPerm extractEntry framework/src/org/apache/cordova/engine/SystemWebChromeClient.java
204 silly gunzTarPerm extractEntry framework/src/org/apache/cordova/engine/SystemWebView.java
205 silly gunzTarPerm extractEntry framework/src/org/apache/cordova/engine/SystemWebViewClient.java
206 silly gunzTarPerm extractEntry framework/src/org/apache/cordova/engine/SystemWebViewEngine.java
207 silly gunzTarPerm extractEntry framework/src/org/apache/cordova/ExposedJsApi.java
208 silly gunzTarPerm extractEntry framework/src/org/apache/cordova/ICordovaClientCertRequest.java
209 silly gunzTarPerm extractEntry framework/src/org/apache/cordova/ICordovaCookieManager.java
210 silly gunzTarPerm extractEntry framework/src/org/apache/cordova/ICordovaHttpAuthHandler.java
211 silly gunzTarPerm extractEntry framework/src/org/apache/cordova/LOG.java
212 silly gunzTarPerm extractEntry framework/src/org/apache/cordova/NativeToJsMessageQueue.java
213 silly gunzTarPerm extractEntry framework/src/org/apache/cordova/PermissionHelper.java
214 silly gunzTarPerm extractEntry framework/src/org/apache/cordova/PluginEntry.java
215 silly gunzTarPerm extractEntry framework/src/org/apache/cordova/PluginManager.java
216 silly gunzTarPerm extractEntry framework/src/org/apache/cordova/PluginResult.java
217 silly gunzTarPerm extractEntry framework/src/org/apache/cordova/ResumeCallback.java
218 silly gunzTarPerm extractEntry framework/src/org/apache/cordova/Whitelist.java
219 silly gunzTarPerm extractEntry spec/.eslintrc.yml
220 silly gunzTarPerm extractEntry spec/e2e/fixtures/cordova-plugin-fake-ios-frameworks/plugin.xml
221 silly gunzTarPerm extractEntry spec/e2e/fixtures/cordova-plugin-fake/platforms/android/FakeLib/project.properties
222 silly gunzTarPerm extractEntry spec/e2e/fixtures/cordova-plugin-fake/plugin.xml
223 silly gunzTarPerm extractEntry spec/e2e/helpers/projectActions.js
224 silly gunzTarPerm extractEntry spec/e2e/jasmine.json
225 silly gunzTarPerm extractEntry spec/e2e/plugin.spec.js
226 silly gunzTarPerm extractEntry spec/fixtures/android_studio_project/app/build.gradle
227 silly gunzTarPerm extractEntry spec/fixtures/android_studio_project/app/proguard-rules.pro
228 silly gunzTarPerm extractEntry spec/fixtures/android_studio_project/app/src/main/AndroidManifest.xml
229 silly gunzTarPerm extractEntry spec/fixtures/android_studio_project/app/src/main/res/layout/activity_main.xml
230 silly gunzTarPerm extractEntry spec/fixtures/android_studio_project/app/src/main/res/mipmap-hdpi/ic_launcher.png
231 silly gunzTarPerm extractEntry spec/fixtures/android_studio_project/app/src/main/res/mipmap-mdpi/ic_launcher.png
232 silly gunzTarPerm extractEntry spec/fixtures/android_studio_project/app/src/main/res/mipmap-xhdpi/ic_launcher.png
233 silly gunzTarPerm extractEntry spec/fixtures/android_studio_project/app/src/main/res/mipmap-xxhdpi/ic_launcher.png
234 silly gunzTarPerm extractEntry spec/fixtures/android_studio_project/app/src/main/res/mipmap-xxxhdpi/ic_launcher.png
235 silly gunzTarPerm extractEntry spec/fixtures/android_studio_project/app/src/main/res/values-w820dp/dimens.xml
236 silly gunzTarPerm extractEntry spec/fixtures/android_studio_project/app/src/main/res/values/colors.xml
237 silly gunzTarPerm extractEntry spec/fixtures/android_studio_project/app/src/main/res/values/dimens.xml
238 silly gunzTarPerm extractEntry spec/fixtures/android_studio_project/app/src/main/res/values/strings.xml
239 silly gunzTarPerm extractEntry spec/fixtures/android_studio_project/app/src/main/res/values/styles.xml
240 silly gunzTarPerm extractEntry spec/fixtures/android_studio_project/build.gradle
241 silly gunzTarPerm extractEntry spec/fixtures/android_studio_project/gradle.properties
242 silly gunzTarPerm extractEntry spec/fixtures/android_studio_project/gradle/wrapper/gradle-wrapper.properties
243 silly gunzTarPerm extractEntry spec/fixtures/android_studio_project/gradlew
244 silly gunzTarPerm extractEntry spec/fixtures/android_studio_project/gradlew.bat
245 silly gunzTarPerm extractEntry spec/fixtures/android_studio_project/settings.gradle
246 silly gunzTarPerm extractEntry spec/fixtures/org.test.plugins.dummyplugin/android-resource.xml
247 silly gunzTarPerm extractEntry spec/fixtures/org.test.plugins.dummyplugin/extra.gradle
248 silly gunzTarPerm extractEntry spec/fixtures/org.test.plugins.dummyplugin/plugin-lib/AndroidManifest.xml
249 silly gunzTarPerm extractEntry spec/fixtures/org.test.plugins.dummyplugin/plugin-lib/libFile
250 silly gunzTarPerm extractEntry spec/fixtures/org.test.plugins.dummyplugin/plugin-lib/project.properties
251 silly gunzTarPerm extractEntry spec/fixtures/org.test.plugins.dummyplugin/plugin-lib2/AndroidManifest.xml
252 silly gunzTarPerm extractEntry spec/fixtures/org.test.plugins.dummyplugin/plugin-lib2/libFile
253 silly gunzTarPerm extractEntry spec/fixtures/org.test.plugins.dummyplugin/plugin-lib2/project.properties
254 silly gunzTarPerm extractEntry spec/fixtures/org.test.plugins.dummyplugin/plugin.xml
255 silly gunzTarPerm extractEntry spec/fixtures/org.test.plugins.dummyplugin/src/android/DummyPlugin.java
256 silly gunzTarPerm extractEntry spec/fixtures/org.test.plugins.dummyplugin/src/android/DummyPlugin2.java
257 silly gunzTarPerm extractEntry spec/fixtures/org.test.plugins.dummyplugin/src/android/jniLibs/x86/libnative.so
258 silly gunzTarPerm extractEntry spec/fixtures/org.test.plugins.dummyplugin/src/android/myapi.aidl
259 silly gunzTarPerm extractEntry spec/fixtures/org.test.plugins.dummyplugin/src/android/mysettings.xml
260 silly gunzTarPerm extractEntry spec/fixtures/org.test.plugins.dummyplugin/src/android/other.extension
261 silly gunzTarPerm extractEntry spec/fixtures/org.test.plugins.dummyplugin/src/android/TestAar.aar
262 silly gunzTarPerm extractEntry spec/fixtures/org.test.plugins.dummyplugin/src/android/testaar2.aar
263 silly gunzTarPerm extractEntry spec/fixtures/org.test.plugins.dummyplugin/src/android/TestLib.jar
264 silly gunzTarPerm extractEntry spec/fixtures/org.test.plugins.dummyplugin/www/dummyplugin.js
265 silly gunzTarPerm extractEntry spec/fixtures/org.test.plugins.dummyplugin/www/dummyplugin/image.jpg
266 silly gunzTarPerm extractEntry spec/fixtures/org.test.plugins.faultyplugin/plugin.xml
267 silly gunzTarPerm extractEntry spec/fixtures/org.test.plugins.faultyplugin/src/android/FaultyPlugin.java
268 silly gunzTarPerm extractEntry spec/fixtures/sdk25.2-android_list_avd.txt
269 silly gunzTarPerm extractEntry spec/fixtures/sdk25.2-android_list_targets.txt
270 silly gunzTarPerm extractEntry spec/fixtures/sdk25.3-avdmanager_list_avd.txt
271 silly gunzTarPerm extractEntry spec/fixtures/sdk25.3-avdmanager_list_target.txt
272 silly gunzTarPerm extractEntry spec/unit/android_sdk.spec.js
273 silly gunzTarPerm extractEntry spec/unit/AndroidStudio.spec.js
274 silly gunzTarPerm extractEntry spec/unit/Api.spec.js
275 silly gunzTarPerm extractEntry spec/unit/builders/GradleBuilder.spec.js
276 silly gunzTarPerm extractEntry spec/unit/check_reqs.spec.js
277 silly gunzTarPerm extractEntry spec/unit/create.spec.js
278 silly gunzTarPerm extractEntry spec/unit/emulator.spec.js
279 silly gunzTarPerm extractEntry spec/unit/jasmine.json
280 silly gunzTarPerm extractEntry spec/unit/pluginHandlers/common.spec.js
281 silly gunzTarPerm extractEntry spec/unit/pluginHandlers/handlers.spec.js
282 silly gunzTarPerm extractEntry spec/unit/run.spec.js
283 silly gunzTarPerm extractEntry test/app/build.gradle
284 silly gunzTarPerm extractEntry test/app/proguard-rules.pro
285 silly gunzTarPerm extractEntry test/app/src/androidTest/java/org/apache/cordova/unittests/BackButtonMultipageTest.java
286 silly gunzTarPerm extractEntry test/app/src/androidTest/java/org/apache/cordova/unittests/EmbeddedWebViewTest.java
287 silly gunzTarPerm extractEntry test/app/src/androidTest/java/org/apache/cordova/unittests/ErrorUrlTest.java
288 silly gunzTarPerm extractEntry test/app/src/androidTest/java/org/apache/cordova/unittests/IFrameTest.java
289 silly gunzTarPerm extractEntry test/app/src/androidTest/java/org/apache/cordova/unittests/MessageChannelMultipageTest.java
290 silly gunzTarPerm extractEntry test/app/src/androidTest/java/org/apache/cordova/unittests/StandardActivityTest.java
291 silly gunzTarPerm extractEntry test/app/src/main/AndroidManifest.xml
292 silly gunzTarPerm extractEntry test/app/src/main/assets/www/backbuttonmultipage/index.html
293 silly gunzTarPerm extractEntry test/app/src/main/assets/www/backbuttonmultipage/sample2.html
294 silly gunzTarPerm extractEntry test/app/src/main/assets/www/backbuttonmultipage/sample3.html
295 silly gunzTarPerm extractEntry test/app/src/main/assets/www/backgroundcolor/index.html
296 silly gunzTarPerm extractEntry test/app/src/main/assets/www/cordova_plugins.js
297 silly gunzTarPerm extractEntry test/app/src/main/assets/www/cordova.js
298 silly gunzTarPerm extractEntry test/app/src/main/assets/www/fullscreen/index.html
299 silly gunzTarPerm extractEntry test/app/src/main/assets/www/htmlnotfound/error.html
300 silly gunzTarPerm extractEntry test/app/src/main/assets/www/iframe/index.html
301 silly gunzTarPerm extractEntry test/app/src/main/assets/www/iframe/index2.html
302 silly gunzTarPerm extractEntry test/app/src/main/assets/www/index.html
303 silly gunzTarPerm extractEntry test/app/src/main/assets/www/lifecycle/index.html
304 silly gunzTarPerm extractEntry test/app/src/main/assets/www/lifecycle/index2.html
305 silly gunzTarPerm extractEntry test/app/src/main/assets/www/main.js
306 silly gunzTarPerm extractEntry test/app/src/main/assets/www/master.css
307 silly gunzTarPerm extractEntry test/app/src/main/assets/www/whitelist/index.html
308 silly gunzTarPerm extractEntry test/app/src/main/assets/www/whitelist/index2.html
309 silly gunzTarPerm extractEntry test/app/src/main/java/org/apache/cordova/unittests/EmbeddedWebViewActivity.java
310 silly gunzTarPerm extractEntry test/app/src/main/java/org/apache/cordova/unittests/LifeCyclePlugin.java
311 silly gunzTarPerm extractEntry test/app/src/main/java/org/apache/cordova/unittests/StandardActivity.java
312 silly gunzTarPerm extractEntry test/app/src/main/java/org/apache/cordova/unittests/TestActivity.java
313 silly gunzTarPerm extractEntry test/app/src/main/res/layout/activity_main.xml
314 silly gunzTarPerm extractEntry test/app/src/main/res/mipmap-hdpi/ic_launcher.png
315 silly gunzTarPerm extractEntry test/app/src/main/res/mipmap-mdpi/ic_launcher.png
316 silly gunzTarPerm extractEntry test/app/src/main/res/mipmap-xhdpi/ic_launcher.png
317 silly gunzTarPerm extractEntry test/app/src/main/res/mipmap-xxhdpi/ic_launcher.png
318 silly gunzTarPerm extractEntry test/app/src/main/res/mipmap-xxxhdpi/ic_launcher.png
319 silly gunzTarPerm extractEntry test/app/src/main/res/values-w820dp/dimens.xml
320 silly gunzTarPerm extractEntry test/app/src/main/res/values/colors.xml
321 silly gunzTarPerm extractEntry test/app/src/main/res/values/dimens.xml
322 silly gunzTarPerm extractEntry test/app/src/main/res/values/strings.xml
323 silly gunzTarPerm extractEntry test/app/src/main/res/values/styles.xml
324 silly gunzTarPerm extractEntry test/app/src/main/res/xml/config.xml
325 silly gunzTarPerm extractEntry test/app/src/test/java/org/apache/cordova/unittests/NativeToJsMessageQueueTest.java
326 silly gunzTarPerm extractEntry test/gradle.properties
327 silly gunzTarPerm extractEntry test/README.md
328 silly gunzTarPerm extractEntry test/run_java_unit_tests.js
329 silly gunzTarPerm extractEntry test/settings.gradle
330 silly gunzTarPerm extractEntry node_modules/abbrev/abbrev.js
331 silly gunzTarPerm extractEntry node_modules/abbrev/LICENSE
332 silly gunzTarPerm extractEntry node_modules/abbrev/package.json
333 silly gunzTarPerm extractEntry node_modules/abbrev/README.md
334 silly gunzTarPerm extractEntry node_modules/android-versions/.jshintignore
335 silly gunzTarPerm extractEntry node_modules/android-versions/.jshintrc
336 silly gunzTarPerm extractEntry node_modules/android-versions/.travis.yml
337 silly gunzTarPerm extractEntry node_modules/android-versions/index.js
338 silly gunzTarPerm extractEntry node_modules/android-versions/package.json
339 silly gunzTarPerm extractEntry node_modules/android-versions/README.md
340 silly gunzTarPerm extractEntry node_modules/android-versions/tests/index.test.js
341 silly gunzTarPerm extractEntry node_modules/ansi/.jshintrc
342 silly gunzTarPerm extractEntry node_modules/ansi/.npmignore
343 silly gunzTarPerm extractEntry node_modules/ansi/examples/beep/index.js
344 silly gunzTarPerm extractEntry node_modules/ansi/examples/clear/index.js
345 silly gunzTarPerm extractEntry node_modules/ansi/examples/cursorPosition.js
346 silly gunzTarPerm extractEntry node_modules/ansi/examples/progress/index.js
347 silly gunzTarPerm extractEntry node_modules/ansi/History.md
348 silly gunzTarPerm extractEntry node_modules/ansi/lib/ansi.js
349 silly gunzTarPerm extractEntry node_modules/ansi/lib/newlines.js
350 silly gunzTarPerm extractEntry node_modules/ansi/LICENSE
351 silly gunzTarPerm extractEntry node_modules/ansi/package.json
352 silly gunzTarPerm extractEntry node_modules/ansi/README.md
353 silly gunzTarPerm extractEntry node_modules/balanced-match/.npmignore
354 silly gunzTarPerm extractEntry node_modules/balanced-match/index.js
355 silly gunzTarPerm extractEntry node_modules/balanced-match/LICENSE.md
356 silly gunzTarPerm extractEntry node_modules/balanced-match/package.json
357 silly gunzTarPerm extractEntry node_modules/balanced-match/README.md
358 silly gunzTarPerm extractEntry node_modules/base64-js/base64js.min.js
359 silly gunzTarPerm extractEntry node_modules/base64-js/index.js
360 silly gunzTarPerm extractEntry node_modules/base64-js/LICENSE
361 silly gunzTarPerm extractEntry node_modules/base64-js/package.json
362 silly gunzTarPerm extractEntry node_modules/base64-js/README.md
363 silly gunzTarPerm extractEntry node_modules/base64-js/test/big-data.js
364 silly gunzTarPerm extractEntry node_modules/base64-js/test/convert.js
365 silly gunzTarPerm extractEntry node_modules/base64-js/test/url-safe.js
366 silly gunzTarPerm extractEntry node_modules/big-integer/BigInteger.d.ts
367 silly gunzTarPerm extractEntry node_modules/big-integer/BigInteger.js
368 silly gunzTarPerm extractEntry node_modules/big-integer/BigInteger.min.js
369 silly gunzTarPerm extractEntry node_modules/big-integer/bower.json
370 silly gunzTarPerm extractEntry node_modules/big-integer/LICENSE
371 silly gunzTarPerm extractEntry node_modules/big-integer/package.json
372 silly gunzTarPerm extractEntry node_modules/big-integer/README.md
373 silly gunzTarPerm extractEntry node_modules/big-integer/tsconfig.json
374 silly gunzTarPerm extractEntry node_modules/bplist-parser/.npmignore
375 silly gunzTarPerm extractEntry node_modules/bplist-parser/bplistParser.js
376 silly gunzTarPerm extractEntry node_modules/bplist-parser/package.json
377 silly gunzTarPerm extractEntry node_modules/bplist-parser/README.md
378 silly gunzTarPerm extractEntry node_modules/bplist-parser/test/airplay.bplist
379 silly gunzTarPerm extractEntry node_modules/bplist-parser/test/int64.bplist
380 silly gunzTarPerm extractEntry node_modules/bplist-parser/test/int64.xml
381 silly gunzTarPerm extractEntry node_modules/bplist-parser/test/iTunes-small.bplist
382 silly gunzTarPerm extractEntry node_modules/bplist-parser/test/parseTest.js
383 silly gunzTarPerm extractEntry node_modules/bplist-parser/test/sample1.bplist
384 silly gunzTarPerm extractEntry node_modules/bplist-parser/test/sample2.bplist
385 silly gunzTarPerm extractEntry node_modules/bplist-parser/test/uid.bplist
386 silly gunzTarPerm extractEntry node_modules/bplist-parser/test/utf16_chinese.plist
387 silly gunzTarPerm extractEntry node_modules/bplist-parser/test/utf16.bplist
388 silly gunzTarPerm extractEntry node_modules/brace-expansion/index.js
389 silly gunzTarPerm extractEntry node_modules/brace-expansion/LICENSE
390 silly gunzTarPerm extractEntry node_modules/brace-expansion/package.json
391 silly gunzTarPerm extractEntry node_modules/brace-expansion/README.md
392 silly gunzTarPerm extractEntry node_modules/concat-map/.travis.yml
393 silly gunzTarPerm extractEntry node_modules/concat-map/index.js
394 silly gunzTarPerm extractEntry node_modules/concat-map/LICENSE
395 silly gunzTarPerm extractEntry node_modules/concat-map/package.json
396 silly gunzTarPerm extractEntry node_modules/concat-map/README.markdown
397 silly gunzTarPerm extractEntry node_modules/concat-map/test/map.js
398 silly gunzTarPerm extractEntry node_modules/cordova-common/.eslintignore
399 silly gunzTarPerm extractEntry node_modules/cordova-common/.eslintrc.yml
400 silly gunzTarPerm extractEntry node_modules/cordova-common/.github/PULL_REQUEST_TEMPLATE.md
401 silly gunzTarPerm extractEntry node_modules/cordova-common/.npmignore
402 silly gunzTarPerm extractEntry node_modules/cordova-common/.ratignore
403 silly gunzTarPerm extractEntry node_modules/cordova-common/.travis.yml
404 silly gunzTarPerm extractEntry node_modules/cordova-common/appveyor.yml
405 silly gunzTarPerm extractEntry node_modules/cordova-common/cordova-common.js
406 silly gunzTarPerm extractEntry node_modules/cordova-common/package.json
407 silly gunzTarPerm extractEntry node_modules/cordova-common/README.md
408 silly gunzTarPerm extractEntry node_modules/cordova-common/RELEASENOTES.md
409 silly gunzTarPerm extractEntry node_modules/cordova-common/src/ActionStack.js
410 silly gunzTarPerm extractEntry node_modules/cordova-common/src/ConfigChanges/ConfigChanges.js
411 silly gunzTarPerm extractEntry node_modules/cordova-common/src/ConfigChanges/ConfigFile.js
412 silly gunzTarPerm extractEntry node_modules/cordova-common/src/ConfigChanges/ConfigKeeper.js
413 silly gunzTarPerm extractEntry node_modules/cordova-common/src/ConfigChanges/munge-util.js
414 silly gunzTarPerm extractEntry node_modules/cordova-common/src/ConfigParser/ConfigParser.js
415 silly gunzTarPerm extractEntry node_modules/cordova-common/src/CordovaCheck.js
416 silly gunzTarPerm extractEntry node_modules/cordova-common/src/CordovaError/CordovaError.js
417 silly gunzTarPerm extractEntry node_modules/cordova-common/src/CordovaError/CordovaExternalToolErrorContext.js
418 silly gunzTarPerm extractEntry node_modules/cordova-common/src/CordovaLogger.js
419 silly gunzTarPerm extractEntry node_modules/cordova-common/src/events.js
420 silly gunzTarPerm extractEntry node_modules/cordova-common/src/FileUpdater.js
421 silly gunzTarPerm extractEntry node_modules/cordova-common/src/PlatformJson.js
422 silly gunzTarPerm extractEntry node_modules/cordova-common/src/PluginInfo/PluginInfo.js
423 silly gunzTarPerm extractEntry node_modules/cordova-common/src/PluginInfo/PluginInfoProvider.js
424 silly gunzTarPerm extractEntry node_modules/cordova-common/src/PluginManager.js
425 silly gunzTarPerm extractEntry node_modules/cordova-common/src/superspawn.js
426 silly gunzTarPerm extractEntry node_modules/cordova-common/src/util/addProperty.js
427 silly gunzTarPerm extractEntry node_modules/cordova-common/src/util/plist-helpers.js
428 silly gunzTarPerm extractEntry node_modules/cordova-common/src/util/xml-helpers.js
429 silly gunzTarPerm extractEntry node_modules/cordova-registry-mapper/.npmignore
430 silly gunzTarPerm extractEntry node_modules/cordova-registry-mapper/.travis.yml
431 silly gunzTarPerm extractEntry node_modules/cordova-registry-mapper/index.js
432 silly gunzTarPerm extractEntry node_modules/cordova-registry-mapper/package.json
433 silly gunzTarPerm extractEntry node_modules/cordova-registry-mapper/README.md
434 silly gunzTarPerm extractEntry node_modules/cordova-registry-mapper/tests/test.js
435 silly gunzTarPerm extractEntry node_modules/elementtree/.npmignore
436 silly gunzTarPerm extractEntry node_modules/elementtree/.travis.yml
437 silly gunzTarPerm extractEntry node_modules/elementtree/CHANGES.md
438 silly gunzTarPerm extractEntry node_modules/elementtree/lib/constants.js
439 silly gunzTarPerm extractEntry node_modules/elementtree/lib/elementpath.js
440 silly gunzTarPerm extractEntry node_modules/elementtree/lib/elementtree.js
441 silly gunzTarPerm extractEntry node_modules/elementtree/lib/errors.js
442 silly gunzTarPerm extractEntry node_modules/elementtree/lib/parser.js
443 silly gunzTarPerm extractEntry node_modules/elementtree/lib/parsers/index.js
444 silly gunzTarPerm extractEntry node_modules/elementtree/lib/parsers/sax.js
445 silly gunzTarPerm extractEntry node_modules/elementtree/lib/sprintf.js
446 silly gunzTarPerm extractEntry node_modules/elementtree/lib/treebuilder.js
447 silly gunzTarPerm extractEntry node_modules/elementtree/lib/utils.js
448 silly gunzTarPerm extractEntry node_modules/elementtree/LICENSE.txt
449 silly gunzTarPerm extractEntry node_modules/elementtree/Makefile
450 silly gunzTarPerm extractEntry node_modules/elementtree/NOTICE
451 silly gunzTarPerm extractEntry node_modules/elementtree/package.json
452 silly gunzTarPerm extractEntry node_modules/elementtree/README.md
453 silly gunzTarPerm extractEntry node_modules/elementtree/tests/data/xml1.xml
454 silly gunzTarPerm extractEntry node_modules/elementtree/tests/data/xml2.xml
455 silly gunzTarPerm extractEntry node_modules/elementtree/tests/test-simple.js
456 silly gunzTarPerm extractEntry node_modules/glob/common.js
457 silly gunzTarPerm extractEntry node_modules/glob/glob.js
458 silly gunzTarPerm extractEntry node_modules/glob/LICENSE
459 silly gunzTarPerm extractEntry node_modules/glob/package.json
460 silly gunzTarPerm extractEntry node_modules/glob/README.md
461 silly gunzTarPerm extractEntry node_modules/glob/sync.js
462 silly gunzTarPerm extractEntry node_modules/inflight/inflight.js
463 silly gunzTarPerm extractEntry node_modules/inflight/LICENSE
464 silly gunzTarPerm extractEntry node_modules/inflight/package.json
465 silly gunzTarPerm extractEntry node_modules/inflight/README.md
466 silly gunzTarPerm extractEntry node_modules/inherits/inherits_browser.js
467 silly gunzTarPerm extractEntry node_modules/inherits/inherits.js
468 silly gunzTarPerm extractEntry node_modules/inherits/LICENSE
469 silly gunzTarPerm extractEntry node_modules/inherits/package.json
470 silly gunzTarPerm extractEntry node_modules/inherits/README.md
471 silly gunzTarPerm extractEntry node_modules/minimatch/LICENSE
472 silly gunzTarPerm extractEntry node_modules/minimatch/minimatch.js
473 silly gunzTarPerm extractEntry node_modules/minimatch/package.json
474 silly gunzTarPerm extractEntry node_modules/minimatch/README.md
475 silly gunzTarPerm extractEntry node_modules/nopt/.npmignore
476 silly gunzTarPerm extractEntry node_modules/nopt/bin/nopt.js
477 silly gunzTarPerm extractEntry node_modules/nopt/examples/my-program.js
478 silly gunzTarPerm extractEntry node_modules/nopt/lib/nopt.js
479 silly gunzTarPerm extractEntry node_modules/nopt/LICENSE
480 silly gunzTarPerm extractEntry node_modules/nopt/package.json
481 silly gunzTarPerm extractEntry node_modules/nopt/README.md
482 silly gunzTarPerm extractEntry node_modules/nopt/test/basic.js
483 silly gunzTarPerm extractEntry node_modules/once/LICENSE
484 silly gunzTarPerm extractEntry node_modules/once/once.js
485 silly gunzTarPerm extractEntry node_modules/once/package.json
486 silly gunzTarPerm extractEntry node_modules/once/README.md
487 silly gunzTarPerm extractEntry node_modules/path-is-absolute/index.js
488 silly gunzTarPerm extractEntry node_modules/path-is-absolute/license
489 silly gunzTarPerm extractEntry node_modules/path-is-absolute/package.json
490 silly gunzTarPerm extractEntry node_modules/path-is-absolute/readme.md
491 silly gunzTarPerm extractEntry node_modules/plist/.jshintrc
492 silly gunzTarPerm extractEntry node_modules/plist/.travis.yml
493 silly gunzTarPerm extractEntry node_modules/plist/dist/plist-build.js
494 silly gunzTarPerm extractEntry node_modules/plist/dist/plist-parse.js
495 silly gunzTarPerm extractEntry node_modules/plist/dist/plist.js
496 silly gunzTarPerm extractEntry node_modules/plist/examples/browser/index.html
497 silly gunzTarPerm extractEntry node_modules/plist/History.md
498 silly gunzTarPerm extractEntry node_modules/plist/index.js
499 silly gunzTarPerm extractEntry node_modules/plist/lib/build.js
500 silly gunzTarPerm extractEntry node_modules/plist/lib/parse.js
501 silly gunzTarPerm extractEntry node_modules/plist/LICENSE
502 silly gunzTarPerm extractEntry node_modules/plist/Makefile
503 silly gunzTarPerm extractEntry node_modules/plist/package.json
504 silly gunzTarPerm extractEntry node_modules/plist/README.md
505 silly gunzTarPerm extractEntry node_modules/properties-parser/index.js
506 silly gunzTarPerm extractEntry node_modules/properties-parser/package.json
507 silly gunzTarPerm extractEntry node_modules/properties-parser/play-ground.js
508 silly gunzTarPerm extractEntry node_modules/properties-parser/README.markdown
509 silly gunzTarPerm extractEntry node_modules/q/CHANGES.md
510 silly gunzTarPerm extractEntry node_modules/q/LICENSE
511 silly gunzTarPerm extractEntry node_modules/q/package.json
512 silly gunzTarPerm extractEntry node_modules/q/q.js
513 silly gunzTarPerm extractEntry node_modules/q/queue.js
514 silly gunzTarPerm extractEntry node_modules/q/README.md
515 silly gunzTarPerm extractEntry node_modules/sax/AUTHORS
516 silly gunzTarPerm extractEntry node_modules/sax/examples/big-not-pretty.xml
517 silly gunzTarPerm extractEntry node_modules/sax/examples/example.js
518 silly gunzTarPerm extractEntry node_modules/sax/examples/get-products.js
519 silly gunzTarPerm extractEntry node_modules/sax/examples/hello-world.js
520 silly gunzTarPerm extractEntry node_modules/sax/examples/not-pretty.xml
521 silly gunzTarPerm extractEntry node_modules/sax/examples/pretty-print.js
522 silly gunzTarPerm extractEntry node_modules/sax/examples/shopping.xml
523 silly gunzTarPerm extractEntry node_modules/sax/examples/strict.dtd
524 silly gunzTarPerm extractEntry node_modules/sax/examples/switch-bench.js
525 silly gunzTarPerm extractEntry node_modules/sax/examples/test.html
526 silly gunzTarPerm extractEntry node_modules/sax/examples/test.xml
527 silly gunzTarPerm extractEntry node_modules/sax/lib/sax.js
528 silly gunzTarPerm extractEntry node_modules/sax/LICENSE
529 silly gunzTarPerm extractEntry node_modules/sax/package.json
530 silly gunzTarPerm extractEntry node_modules/sax/README.md
531 silly gunzTarPerm extractEntry node_modules/sax/test/buffer-overrun.js
532 silly gunzTarPerm extractEntry node_modules/sax/test/cdata-chunked.js
533 silly gunzTarPerm extractEntry node_modules/sax/test/cdata-end-split.js
534 silly gunzTarPerm extractEntry node_modules/sax/test/cdata-fake-end.js
535 silly gunzTarPerm extractEntry node_modules/sax/test/cdata-multiple.js
536 silly gunzTarPerm extractEntry node_modules/sax/test/cdata.js
537 silly gunzTarPerm extractEntry node_modules/sax/test/index.js
538 silly gunzTarPerm extractEntry node_modules/sax/test/issue-23.js
539 silly gunzTarPerm extractEntry node_modules/sax/test/issue-30.js
540 silly gunzTarPerm extractEntry node_modules/sax/test/issue-35.js
541 silly gunzTarPerm extractEntry node_modules/sax/test/issue-47.js
542 silly gunzTarPerm extractEntry node_modules/sax/test/issue-49.js
543 silly gunzTarPerm extractEntry node_modules/sax/test/parser-position.js
544 silly gunzTarPerm extractEntry node_modules/sax/test/script.js
545 silly gunzTarPerm extractEntry node_modules/sax/test/self-closing-child-strict.js
546 silly gunzTarPerm extractEntry node_modules/sax/test/self-closing-child.js
547 silly gunzTarPerm extractEntry node_modules/sax/test/self-closing-tag.js
548 silly gunzTarPerm extractEntry node_modules/sax/test/stray-ending.js
549 silly gunzTarPerm extractEntry node_modules/sax/test/trailing-non-whitespace.js
550 silly gunzTarPerm extractEntry node_modules/sax/test/unquoted.js
551 silly gunzTarPerm extractEntry node_modules/sax/test/xmlns-issue-41.js
552 silly gunzTarPerm extractEntry node_modules/sax/test/xmlns-rebinding.js
553 silly gunzTarPerm extractEntry node_modules/sax/test/xmlns-strict.js
554 silly gunzTarPerm extractEntry node_modules/sax/test/xmlns-unbound.js
555 silly gunzTarPerm extractEntry node_modules/sax/test/xmlns-xml-default-prefix-attribute.js
556 silly gunzTarPerm extractEntry node_modules/sax/test/xmlns-xml-default-prefix.js
557 silly gunzTarPerm extractEntry node_modules/sax/test/xmlns-xml-default-redefine.js
558 silly gunzTarPerm extractEntry node_modules/semver/bin/semver
559 silly gunzTarPerm extractEntry node_modules/semver/LICENSE
560 silly gunzTarPerm extractEntry node_modules/semver/package.json
561 silly gunzTarPerm extractEntry node_modules/semver/range.bnf
562 silly gunzTarPerm extractEntry node_modules/semver/README.md
563 silly gunzTarPerm extractEntry node_modules/semver/semver.js
564 silly gunzTarPerm extractEntry node_modules/shelljs/.documentup.json
565 silly gunzTarPerm extractEntry node_modules/shelljs/.jshintrc
566 silly gunzTarPerm extractEntry node_modules/shelljs/.npmignore
567 silly gunzTarPerm extractEntry node_modules/shelljs/.travis.yml
568 silly gunzTarPerm extractEntry node_modules/shelljs/bin/shjs
569 silly gunzTarPerm extractEntry node_modules/shelljs/global.js
570 silly gunzTarPerm extractEntry node_modules/shelljs/LICENSE
571 silly gunzTarPerm extractEntry node_modules/shelljs/make.js
572 silly gunzTarPerm extractEntry node_modules/shelljs/package.json
573 silly gunzTarPerm extractEntry node_modules/shelljs/README.md
574 silly gunzTarPerm extractEntry node_modules/shelljs/RELEASE.md
575 silly gunzTarPerm extractEntry node_modules/shelljs/scripts/generate-docs.js
576 silly gunzTarPerm extractEntry node_modules/shelljs/scripts/run-tests.js
577 silly gunzTarPerm extractEntry node_modules/shelljs/shell.js
578 silly gunzTarPerm extractEntry node_modules/shelljs/src/cat.js
579 silly gunzTarPerm extractEntry node_modules/shelljs/src/cd.js
580 silly gunzTarPerm extractEntry node_modules/shelljs/src/chmod.js
581 silly gunzTarPerm extractEntry node_modules/shelljs/src/common.js
582 silly gunzTarPerm extractEntry node_modules/shelljs/src/cp.js
583 silly gunzTarPerm extractEntry node_modules/shelljs/src/dirs.js
584 silly gunzTarPerm extractEntry node_modules/shelljs/src/echo.js
585 silly gunzTarPerm extractEntry node_modules/shelljs/src/error.js
586 silly gunzTarPerm extractEntry node_modules/shelljs/src/exec.js
587 silly gunzTarPerm extractEntry node_modules/shelljs/src/find.js
588 silly gunzTarPerm extractEntry node_modules/shelljs/src/grep.js
589 silly gunzTarPerm extractEntry node_modules/shelljs/src/ln.js
590 silly gunzTarPerm extractEntry node_modules/shelljs/src/ls.js
591 silly gunzTarPerm extractEntry node_modules/shelljs/src/mkdir.js
592 silly gunzTarPerm extractEntry node_modules/shelljs/src/mv.js
593 silly gunzTarPerm extractEntry node_modules/shelljs/src/popd.js
594 silly gunzTarPerm extractEntry node_modules/shelljs/src/pushd.js
595 silly gunzTarPerm extractEntry node_modules/shelljs/src/pwd.js
596 silly gunzTarPerm extractEntry node_modules/shelljs/src/rm.js
597 silly gunzTarPerm extractEntry node_modules/shelljs/src/sed.js
598 silly gunzTarPerm extractEntry node_modules/shelljs/src/tempdir.js
599 silly gunzTarPerm extractEntry node_modules/shelljs/src/test.js
600 silly gunzTarPerm extractEntry node_modules/shelljs/src/to.js
601 silly gunzTarPerm extractEntry node_modules/shelljs/src/toEnd.js
602 silly gunzTarPerm extractEntry node_modules/shelljs/src/which.js
603 silly gunzTarPerm extractEntry node_modules/underscore/LICENSE
604 silly gunzTarPerm extractEntry node_modules/underscore/package.json
605 silly gunzTarPerm extractEntry node_modules/underscore/README.md
606 silly gunzTarPerm extractEntry node_modules/underscore/underscore-min.js
607 silly gunzTarPerm extractEntry node_modules/underscore/underscore-min.js.map
608 silly gunzTarPerm extractEntry node_modules/underscore/underscore.js
609 silly gunzTarPerm extractEntry node_modules/unorm/lib/unorm.js
610 silly gunzTarPerm extractEntry node_modules/unorm/LICENSE.md
611 silly gunzTarPerm extractEntry node_modules/unorm/package.json
612 silly gunzTarPerm extractEntry node_modules/unorm/README.md
613 silly gunzTarPerm extractEntry node_modules/wrappy/LICENSE
614 silly gunzTarPerm extractEntry node_modules/wrappy/package.json
615 silly gunzTarPerm extractEntry node_modules/wrappy/README.md
616 silly gunzTarPerm extractEntry node_modules/wrappy/wrappy.js
617 silly gunzTarPerm extractEntry node_modules/xmlbuilder/.npmignore
618 silly gunzTarPerm extractEntry node_modules/xmlbuilder/CHANGELOG.md
619 silly gunzTarPerm extractEntry node_modules/xmlbuilder/lib/index.js
620 silly gunzTarPerm extractEntry node_modules/xmlbuilder/lib/Utility.js
621 silly gunzTarPerm extractEntry node_modules/xmlbuilder/lib/XMLAttribute.js
622 silly gunzTarPerm extractEntry node_modules/xmlbuilder/lib/XMLCData.js
623 silly gunzTarPerm extractEntry node_modules/xmlbuilder/lib/XMLComment.js
624 silly gunzTarPerm extractEntry node_modules/xmlbuilder/lib/XMLDeclaration.js
625 silly gunzTarPerm extractEntry node_modules/xmlbuilder/lib/XMLDocType.js
626 silly gunzTarPerm extractEntry node_modules/xmlbuilder/lib/XMLDocument.js
627 silly gunzTarPerm extractEntry node_modules/xmlbuilder/lib/XMLDocumentCB.js
628 silly gunzTarPerm extractEntry node_modules/xmlbuilder/lib/XMLDTDAttList.js
629 silly gunzTarPerm extractEntry node_modules/xmlbuilder/lib/XMLDTDElement.js
630 silly gunzTarPerm extractEntry node_modules/xmlbuilder/lib/XMLDTDEntity.js
631 silly gunzTarPerm extractEntry node_modules/xmlbuilder/lib/XMLDTDNotation.js
632 silly gunzTarPerm extractEntry node_modules/xmlbuilder/lib/XMLElement.js
633 silly gunzTarPerm extractEntry node_modules/xmlbuilder/lib/XMLNode.js
634 silly gunzTarPerm extractEntry node_modules/xmlbuilder/lib/XMLProcessingInstruction.js
635 silly gunzTarPerm extractEntry node_modules/xmlbuilder/lib/XMLRaw.js
636 silly gunzTarPerm extractEntry node_modules/xmlbuilder/lib/XMLStreamWriter.js
637 silly gunzTarPerm extractEntry node_modules/xmlbuilder/lib/XMLStringifier.js
638 silly gunzTarPerm extractEntry node_modules/xmlbuilder/lib/XMLStringWriter.js
639 silly gunzTarPerm extractEntry node_modules/xmlbuilder/lib/XMLText.js
640 silly gunzTarPerm extractEntry node_modules/xmlbuilder/lib/XMLWriterBase.js
641 silly gunzTarPerm extractEntry node_modules/xmlbuilder/LICENSE
642 silly gunzTarPerm extractEntry node_modules/xmlbuilder/package.json
643 silly gunzTarPerm extractEntry node_modules/xmlbuilder/README.md
644 silly gunzTarPerm extractEntry node_modules/xmldom/__package__.js
645 silly gunzTarPerm extractEntry node_modules/xmldom/.npmignore
646 silly gunzTarPerm extractEntry node_modules/xmldom/.travis.yml
647 silly gunzTarPerm extractEntry node_modules/xmldom/changelog
648 silly gunzTarPerm extractEntry node_modules/xmldom/component.json
649 silly gunzTarPerm extractEntry node_modules/xmldom/dom-parser.js
650 silly gunzTarPerm extractEntry node_modules/xmldom/dom.js
651 silly gunzTarPerm extractEntry node_modules/xmldom/LICENSE
652 silly gunzTarPerm extractEntry node_modules/xmldom/package.json
653 silly gunzTarPerm extractEntry node_modules/xmldom/readme.md
654 silly gunzTarPerm extractEntry node_modules/xmldom/sax.js
655 silly addBundled read tarball
656 silly cleanup remove extracted module
657 silly loadAllDepsIntoIdealTree Finishing
658 silly idealTree:prePrune com.divideandconquer.jucsemylib@1.0.0
658 silly idealTree:prePrune +-- cordova-android@7.1.4
658 silly idealTree:prePrune | +-- abbrev@1.1.1
658 silly idealTree:prePrune | +-- android-versions@1.4.0
658 silly idealTree:prePrune | +-- ansi@0.3.1
658 silly idealTree:prePrune | +-- balanced-match@1.0.0
658 silly idealTree:prePrune | +-- base64-js@1.2.0
658 silly idealTree:prePrune | +-- big-integer@1.6.32
658 silly idealTree:prePrune | +-- bplist-parser@0.1.1
658 silly idealTree:prePrune | +-- brace-expansion@1.1.11
658 silly idealTree:prePrune | +-- concat-map@0.0.1
658 silly idealTree:prePrune | +-- cordova-common@2.2.5
658 silly idealTree:prePrune | +-- cordova-registry-mapper@1.1.15
658 silly idealTree:prePrune | +-- elementtree@0.1.6
658 silly idealTree:prePrune | +-- glob@5.0.15
658 silly idealTree:prePrune | +-- inflight@1.0.6
658 silly idealTree:prePrune | +-- inherits@2.0.3
658 silly idealTree:prePrune | +-- minimatch@3.0.4
658 silly idealTree:prePrune | +-- nopt@3.0.1
658 silly idealTree:prePrune | +-- once@1.4.0
658 silly idealTree:prePrune | +-- path-is-absolute@1.0.1
658 silly idealTree:prePrune | +-- plist@2.1.0
658 silly idealTree:prePrune | +-- properties-parser@0.2.3
658 silly idealTree:prePrune | +-- q@1.4.1
658 silly idealTree:prePrune | +-- sax@0.3.5
658 silly idealTree:prePrune | +-- semver@5.5.0
658 silly idealTree:prePrune | +-- shelljs@0.5.3
658 silly idealTree:prePrune | +-- underscore@1.9.1
658 silly idealTree:prePrune | +-- unorm@1.4.1
658 silly idealTree:prePrune | +-- wrappy@1.0.2
658 silly idealTree:prePrune | +-- xmlbuilder@8.2.2
658 silly idealTree:prePrune | `-- xmldom@0.1.27
658 silly idealTree:prePrune `-- cordova-plugin-whitelist@1.3.3
659 silly loadIdealTree Finishing
660 silly currentTree com.divideandconquer.jucsemylib@1.0.0
660 silly currentTree +-- cordova-android@7.1.4
660 silly currentTree | +-- abbrev@1.1.1
660 silly currentTree | +-- android-versions@1.4.0
660 silly currentTree | +-- ansi@0.3.1
660 silly currentTree | +-- balanced-match@1.0.0
660 silly currentTree | +-- base64-js@1.2.0
660 silly currentTree | +-- big-integer@1.6.32
660 silly currentTree | +-- bplist-parser@0.1.1
660 silly currentTree | +-- brace-expansion@1.1.11
660 silly currentTree | +-- concat-map@0.0.1
660 silly currentTree | +-- cordova-common@2.2.5
660 silly currentTree | +-- cordova-registry-mapper@1.1.15
660 silly currentTree | +-- elementtree@0.1.6
660 silly currentTree | +-- glob@5.0.15
660 silly currentTree | +-- inflight@1.0.6
660 silly currentTree | +-- inherits@2.0.3
660 silly currentTree | +-- minimatch@3.0.4
660 silly currentTree | +-- nopt@3.0.1
660 silly currentTree | +-- once@1.4.0
660 silly currentTree | +-- path-is-absolute@1.0.1
660 silly currentTree | +-- plist@2.1.0
660 silly currentTree | +-- properties-parser@0.2.3
660 silly currentTree | +-- q@1.4.1
660 silly currentTree | +-- sax@0.3.5
660 silly currentTree | +-- semver@5.5.0
660 silly currentTree | +-- shelljs@0.5.3
660 silly currentTree | +-- underscore@1.9.1
660 silly currentTree | +-- unorm@1.4.1
660 silly currentTree | +-- wrappy@1.0.2
660 silly currentTree | +-- xmlbuilder@8.2.2
660 silly currentTree | `-- xmldom@0.1.27
660 silly currentTree `-- cordova-plugin-whitelist@1.3.3
661 silly idealTree com.divideandconquer.jucsemylib@1.0.0
661 silly idealTree +-- cordova-android@7.1.4
661 silly idealTree | +-- abbrev@1.1.1
661 silly idealTree | +-- android-versions@1.4.0
661 silly idealTree | +-- ansi@0.3.1
661 silly idealTree | +-- balanced-match@1.0.0
661 silly idealTree | +-- base64-js@1.2.0
661 silly idealTree | +-- big-integer@1.6.32
661 silly idealTree | +-- bplist-parser@0.1.1
661 silly idealTree | +-- brace-expansion@1.1.11
661 silly idealTree | +-- concat-map@0.0.1
661 silly idealTree | +-- cordova-common@2.2.5
661 silly idealTree | +-- cordova-registry-mapper@1.1.15
661 silly idealTree | +-- elementtree@0.1.6
661 silly idealTree | +-- glob@5.0.15
661 silly idealTree | +-- inflight@1.0.6
661 silly idealTree | +-- inherits@2.0.3
661 silly idealTree | +-- minimatch@3.0.4
661 silly idealTree | +-- nopt@3.0.1
661 silly idealTree | +-- once@1.4.0
661 silly idealTree | +-- path-is-absolute@1.0.1
661 silly idealTree | +-- plist@2.1.0
661 silly idealTree | +-- properties-parser@0.2.3
661 silly idealTree | +-- q@1.4.1
661 silly idealTree | +-- sax@0.3.5
661 silly idealTree | +-- semver@5.5.0
661 silly idealTree | +-- shelljs@0.5.3
661 silly idealTree | +-- underscore@1.9.1
661 silly idealTree | +-- unorm@1.4.1
661 silly idealTree | +-- wrappy@1.0.2
661 silly idealTree | +-- xmlbuilder@8.2.2
661 silly idealTree | `-- xmldom@0.1.27
661 silly idealTree `-- cordova-plugin-whitelist@1.3.3
662 silly generateActionsToTake Starting
663 silly install generateActionsToTake
664 silly generateActionsToTake Finishing
665 silly diffTrees action count 2
666 silly diffTrees update android-versions@1.4.0
667 silly diffTrees update cordova-plugin-whitelist@1.3.3
668 silly decomposeActions action count 13
669 silly decomposeActions preinstall android-versions@1.4.0
670 silly decomposeActions build android-versions@1.4.0
671 silly decomposeActions install android-versions@1.4.0
672 silly decomposeActions postinstall android-versions@1.4.0
673 silly decomposeActions finalize android-versions@1.4.0
674 silly decomposeActions fetch cordova-plugin-whitelist@1.3.3
675 silly decomposeActions extract cordova-plugin-whitelist@1.3.3
676 silly decomposeActions test cordova-plugin-whitelist@1.3.3
677 silly decomposeActions preinstall cordova-plugin-whitelist@1.3.3
678 silly decomposeActions build cordova-plugin-whitelist@1.3.3
679 silly decomposeActions install cordova-plugin-whitelist@1.3.3
680 silly decomposeActions postinstall cordova-plugin-whitelist@1.3.3
681 silly decomposeActions finalize cordova-plugin-whitelist@1.3.3
682 silly executeActions Starting
683 silly install executeActions
684 silly doSerial global-install 0
685 silly doParallel fetch 1
686 verbose lock using /home/sadrul/.npm/_locks/staging-5c1f8b36d633067c.lock for /home/sadrul/JU-CSE-MyLibrary/user_side/app/node_modules/.staging
687 silly doParallel extract 1
688 silly extract cordova-plugin-whitelist@1.3.3
689 silly addNamed cordova-plugin-whitelist@1.3.3
690 verbose addNamed "1.3.3" is a plain semver version for cordova-plugin-whitelist
691 silly mapToRegistry name cordova-plugin-whitelist
692 silly mapToRegistry using default registry
693 silly mapToRegistry registry https://registry.npmjs.org/
694 silly mapToRegistry uri https://registry.npmjs.org/cordova-plugin-whitelist
695 verbose addNameVersion registry:https://registry.npmjs.org/cordova-plugin-whitelist not in flight; fetching
696 verbose request uri https://registry.npmjs.org/cordova-plugin-whitelist
697 verbose request no auth needed
698 info attempt registry request try #1 at 7:28:56 PM
699 verbose etag W/"faf3453a7ba15d1b769a956585903bc2"
700 verbose lastModified Tue, 02 Jul 2019 18:10:43 GMT
701 http request GET https://registry.npmjs.org/cordova-plugin-whitelist
702 http 304 https://registry.npmjs.org/cordova-plugin-whitelist
703 verbose headers { date: 'Thu, 26 Sep 2019 13:58:56 GMT',
703 verbose headers   connection: 'keep-alive',
703 verbose headers   'set-cookie':
703 verbose headers    [ '__cfduid=daea0033e51d3678b881e0c9f158e85ff1569506336; expires=Fri, 25-Sep-20 13:58:56 GMT; path=/; domain=.npmjs.org; HttpOnly' ],
703 verbose headers   'cf-cache-status': 'HIT',
703 verbose headers   'cache-control': 'max-age=300',
703 verbose headers   'cf-ray': '51c5c16e1b8ad58f-BOM',
703 verbose headers   age: '4800',
703 verbose headers   etag: '"faf3453a7ba15d1b769a956585903bc2"',
703 verbose headers   'expect-ct': 'max-age=604800, report-uri="https://report-uri.cloudflare.com/cdn-cgi/beacon/expect-ct"',
703 verbose headers   'last-modified': 'Tue, 02 Jul 2019 18:10:43 GMT',
703 verbose headers   vary: 'accept-encoding, accept',
703 verbose headers   'x-amz-meta-rev': '50-9e80be5bc97813a45f2b7c2c902ee63c',
703 verbose headers   server: 'cloudflare' }
704 silly get cb [ 304,
704 silly get   { date: 'Thu, 26 Sep 2019 13:58:56 GMT',
704 silly get     connection: 'keep-alive',
704 silly get     'set-cookie':
704 silly get      [ '__cfduid=daea0033e51d3678b881e0c9f158e85ff1569506336; expires=Fri, 25-Sep-20 13:58:56 GMT; path=/; domain=.npmjs.org; HttpOnly' ],
704 silly get     'cf-cache-status': 'HIT',
704 silly get     'cache-control': 'max-age=300',
704 silly get     'cf-ray': '51c5c16e1b8ad58f-BOM',
704 silly get     age: '4800',
704 silly get     etag: '"faf3453a7ba15d1b769a956585903bc2"',
704 silly get     'expect-ct': 'max-age=604800, report-uri="https://report-uri.cloudflare.com/cdn-cgi/beacon/expect-ct"',
704 silly get     'last-modified': 'Tue, 02 Jul 2019 18:10:43 GMT',
704 silly get     vary: 'accept-encoding, accept',
704 silly get     'x-amz-meta-rev': '50-9e80be5bc97813a45f2b7c2c902ee63c',
704 silly get     server: 'cloudflare' } ]
705 verbose etag https://registry.npmjs.org/cordova-plugin-whitelist from cache
706 verbose get saving cordova-plugin-whitelist to /home/sadrul/.npm/registry.npmjs.org/cordova-plugin-whitelist/.cache.json
707 silly mapToRegistry name cordova-plugin-whitelist
708 silly mapToRegistry using default registry
709 silly mapToRegistry registry https://registry.npmjs.org/
710 silly mapToRegistry uri https://registry.npmjs.org/cordova-plugin-whitelist
711 verbose addRemoteTarball https://registry.npmjs.org/cordova-plugin-whitelist/-/cordova-plugin-whitelist-1.3.3.tgz not in flight; adding
712 verbose addRemoteTarball [ 'https://registry.npmjs.org/cordova-plugin-whitelist/-/cordova-plugin-whitelist-1.3.3.tgz',
712 verbose addRemoteTarball   'b5e85ecdbbfe5aeded40a1bf4ee2372e67d96fb4' ]
713 info retry fetch attempt 1 at 7:28:56 PM
714 info attempt registry request try #1 at 7:28:56 PM
715 http fetch GET https://registry.npmjs.org/cordova-plugin-whitelist/-/cordova-plugin-whitelist-1.3.3.tgz
716 http fetch 200 https://registry.npmjs.org/cordova-plugin-whitelist/-/cordova-plugin-whitelist-1.3.3.tgz
717 silly fetchAndShaCheck shasum b5e85ecdbbfe5aeded40a1bf4ee2372e67d96fb4
718 verbose addTmpTarball /tmp/npm-3035-5134e2c9/registry.npmjs.org/cordova-plugin-whitelist/-/cordova-plugin-whitelist-1.3.3.tgz not in flight; adding
719 verbose addTmpTarball already have metadata; skipping unpack for cordova-plugin-whitelist@1.3.3
720 verbose unbuild node_modules/.staging/cordova-plugin-whitelist-4f9c1f9e
721 silly gentlyRm /home/sadrul/JU-CSE-MyLibrary/user_side/app/node_modules/.staging/cordova-plugin-whitelist-4f9c1f9e is being purged from base /home/sadrul/JU-CSE-MyLibrary/user_side/app
722 verbose gentlyRm don't care about contents; nuking /home/sadrul/JU-CSE-MyLibrary/user_side/app/node_modules/.staging/cordova-plugin-whitelist-4f9c1f9e
723 verbose tar unpack /home/sadrul/.npm/cordova-plugin-whitelist/1.3.3/package.tgz
724 verbose tar unpacking to /home/sadrul/JU-CSE-MyLibrary/user_side/app/node_modules/.staging/cordova-plugin-whitelist-4f9c1f9e
725 silly gentlyRm /home/sadrul/JU-CSE-MyLibrary/user_side/app/node_modules/.staging/cordova-plugin-whitelist-4f9c1f9e is being purged
726 verbose gentlyRm don't care about contents; nuking /home/sadrul/JU-CSE-MyLibrary/user_side/app/node_modules/.staging/cordova-plugin-whitelist-4f9c1f9e
727 silly gunzTarPerm modes [ '755', '644' ]
728 silly gunzTarPerm extractEntry package.json
729 silly gunzTarPerm extractEntry README.md
730 silly gunzTarPerm extractEntry LICENSE
731 silly gunzTarPerm extractEntry .github/PULL_REQUEST_TEMPLATE.md
732 silly gunzTarPerm extractEntry CONTRIBUTING.md
733 silly gunzTarPerm extractEntry NOTICE
734 silly gunzTarPerm extractEntry RELEASENOTES.md
735 silly gunzTarPerm extractEntry doc/de/README.md
736 silly gunzTarPerm extractEntry doc/es/README.md
737 silly gunzTarPerm extractEntry doc/fr/README.md
738 silly gunzTarPerm extractEntry doc/it/README.md
739 silly gunzTarPerm extractEntry doc/ja/README.md
740 silly gunzTarPerm extractEntry doc/ko/README.md
741 silly gunzTarPerm extractEntry doc/pl/README.md
742 silly gunzTarPerm extractEntry doc/zh/README.md
743 silly gunzTarPerm extractEntry plugin.xml
744 silly gunzTarPerm extractEntry src/android/WhitelistPlugin.java
745 silly gentlyRm /home/sadrul/JU-CSE-MyLibrary/user_side/app/node_modules/.staging/cordova-plugin-whitelist-4f9c1f9e/node_modules is being purged
746 verbose gentlyRm don't care about contents; nuking /home/sadrul/JU-CSE-MyLibrary/user_side/app/node_modules/.staging/cordova-plugin-whitelist-4f9c1f9e/node_modules
747 silly doParallel preinstall 2
748 silly preinstall android-versions@1.4.0 /home/sadrul/JU-CSE-MyLibrary/user_side/app/node_modules/.staging/android-versions-0dc0c44d
749 info lifecycle android-versions@1.4.0~preinstall: android-versions@1.4.0
750 silly preinstall cordova-plugin-whitelist@1.3.3 /home/sadrul/JU-CSE-MyLibrary/user_side/app/node_modules/.staging/cordova-plugin-whitelist-4f9c1f9e
751 info lifecycle cordova-plugin-whitelist@1.3.3~preinstall: cordova-plugin-whitelist@1.3.3
752 silly lifecycle cordova-plugin-whitelist@1.3.3~preinstall: no script for preinstall, continuing
753 silly lifecycle android-versions@1.4.0~preinstall: no script for preinstall, continuing
754 silly doReverseSerial remove 0
755 silly doSerial move 0
756 silly doSerial finalize 2
757 silly finalize /home/sadrul/JU-CSE-MyLibrary/user_side/app/node_modules/cordova-android/node_modules/android-versions
758 verbose unlock done using /home/sadrul/.npm/_locks/staging-5c1f8b36d633067c.lock for /home/sadrul/JU-CSE-MyLibrary/user_side/app/node_modules/.staging
759 silly rollbackFailedOptional Starting
760 silly rollbackFailedOptional Finishing
761 silly runTopLevelLifecycles Starting
762 silly runTopLevelLifecycles Finishing
763 silly install printInstalled
764 warn com.divideandconquer.jucsemylib@1.0.0 No repository field.
765 verbose stack Error: ENOENT: no such file or directory, rename '/home/sadrul/JU-CSE-MyLibrary/user_side/app/node_modules/.staging/android-versions-0dc0c44d' -> '/home/sadrul/JU-CSE-MyLibrary/user_side/app/node_modules/cordova-android/node_modules/android-versions'
765 verbose stack     at whenOldMovedAway (/usr/share/npm/lib/install/action/finalize.js:43:5)
765 verbose stack     at /usr/share/npm/lib/utils/rename.js:13:14
765 verbose stack     at FSReqWrap.oncomplete (fs.js:135:15)
765 verbose stack
765 verbose stack Error: ENOENT: no such file or directory, rename '/home/sadrul/JU-CSE-MyLibrary/user_side/app/node_modules/.staging/android-versions-0dc0c44d' -> '/home/sadrul/JU-CSE-MyLibrary/user_side/app/node_modules/cordova-android/node_modules/android-versions'
766 verbose cwd /home/sadrul/JU-CSE-MyLibrary/user_side/app
767 error Linux 4.15.0-58-generic
768 error argv "/usr/bin/node" "/usr/bin/npm" "install" "cordova-android@^7.1.4" "--production" "--save"
769 error node v8.10.0
770 error npm  v3.5.2
771 error path /home/sadrul/JU-CSE-MyLibrary/user_side/app/node_modules/.staging/android-versions-0dc0c44d
772 error code ENOENT
773 error errno -2
774 error syscall rename
775 error enoent ENOENT: no such file or directory, rename '/home/sadrul/JU-CSE-MyLibrary/user_side/app/node_modules/.staging/android-versions-0dc0c44d' -> '/home/sadrul/JU-CSE-MyLibrary/user_side/app/node_modules/cordova-android/node_modules/android-versions'
776 error enoent ENOENT: no such file or directory, rename '/home/sadrul/JU-CSE-MyLibrary/user_side/app/node_modules/.staging/android-versions-0dc0c44d' -> '/home/sadrul/JU-CSE-MyLibrary/user_side/app/node_modules/cordova-android/node_modules/android-versions'
776 error enoent This is most likely not a problem with npm itself
776 error enoent and is related to npm not being able to find a file.
777 verbose exit [ -2, true ]
